Flutter crash report.
Please report a bug at https://github.com/flutter/flutter/issues.

## command

flutter pub get --no-example

## exception

FormatException: FormatException: Unexpected end of input (at character 1)

^


```
#0      _ChunkedJsonParser.fail (dart:convert-patch/convert_patch.dart:1457:5)
#1      _ChunkedJsonParser.close (dart:convert-patch/convert_patch.dart:493:7)
#2      _parseJson (dart:convert-patch/convert_patch.dart:34:10)
#3      JsonDecoder.convert (dart:convert/json.dart:610:36)
#4      JsonCodec.decode (dart:convert/json.dart:216:41)
#5      createPluginSymlinks (package:flutter_tools/src/flutter_plugins.dart:906:51)
#6      refreshPluginsList (package:flutter_tools/src/flutter_plugins.dart:1027:5)
<asynchronous suspension>
#7      FlutterProject.ensureReadyForPlatformSpecificTooling (package:flutter_tools/src/project.dart:373:5)
<asynchronous suspension>
#8      PackagesGetCommand.runCommand (package:flutter_tools/src/commands/packages.dart:386:7)
<asynchronous suspension>
#9      FlutterCommand.run.<anonymous closure> (package:flutter_tools/src/runner/flutter_command.dart:1450:27)
<asynchronous suspension>
#10     AppContext.run.<anonymous closure> (package:flutter_tools/src/base/context.dart:153:19)
<asynchronous suspension>
#11     CommandRunner.runCommand (package:args/command_runner.dart:212:13)
<asynchronous suspension>
#12     FlutterCommandRunner.runCommand.<anonymous closure> (package:flutter_tools/src/runner/flutter_command_runner.dart:421:9)
<asynchronous suspension>
#13     AppContext.run.<anonymous closure> (package:flutter_tools/src/base/context.dart:153:19)
<asynchronous suspension>
#14     FlutterCommandRunner.runCommand (package:flutter_tools/src/runner/flutter_command_runner.dart:364:5)
<asynchronous suspension>
#15     run.<anonymous closure>.<anonymous closure> (package:flutter_tools/runner.dart:131:9)
<asynchronous suspension>
#16     AppContext.run.<anonymous closure> (package:flutter_tools/src/base/context.dart:153:19)
<asynchronous suspension>
#17     main (package:flutter_tools/executable.dart:94:3)
<asynchronous suspension>
```

## flutter doctor

```
[✓] Flutter (Channel stable, 3.27.1, on Microsoft Windows [Version 10.0.22631.4751], locale en-IN)
    • Flutter version 3.27.1 on channel stable at C:\flutter
    • Upstream repository https://github.com/flutter/flutter.git
    • Framework revision 17025dd882 (5 weeks ago), 2024-12-17 03:23:09 +0900
    • Engine revision cb4b5fff73
    • Dart version 3.6.0
    • DevTools version 2.40.2

[✓] Windows Version (Installed version of Windows is version 10 or higher)

[✓] Android toolchain - develop for Android devices (Android SDK version 35.0.0)
    • Android SDK at C:\Users\kdevi\AppData\Local\Android\sdk
    • Platform android-35, build-tools 35.0.0
    • Java binary at: C:\Program Files\Java\jdk-17\bin\java
    • Java version Java(TM) SE Runtime Environment (build 17.0.12+8-LTS-286)
    • All Android licenses accepted.

[✓] Chrome - develop for the web
    • Chrome at C:\Program Files\Google\Chrome\Application\chrome.exe

[✓] Visual Studio - develop Windows apps (Visual Studio Community 2022 17.9.6)
    • Visual Studio at C:\Program Files\Microsoft Visual Studio\2022\Community
    • Visual Studio Community 2022 version 17.9.34728.123
    • Windows 10 SDK version 10.0.22621.0

[✓] Android Studio (version 2024.2)
    • Android Studio at C:\Program Files\Android\Android Studio
    • Flutter plugin can be installed from:
      🔨 https://plugins.jetbrains.com/plugin/9212-flutter
    • Dart plugin can be installed from:
      🔨 https://plugins.jetbrains.com/plugin/6351-dart
    • Java version OpenJDK Runtime Environment (build 21.0.3+-12282718-b509.11)

[✓] VS Code (version 1.96.4)
    • VS Code at C:\Users\kdevi\AppData\Local\Programs\Microsoft VS Code
    • Flutter extension version 3.102.0

[✓] Connected device (4 available)
    • CPH2239 (mobile)  • CM9DZLNZ7DUKBUKR • android-arm64  • Android 11 (API 30)
    • Windows (desktop) • windows          • windows-x64    • Microsoft Windows [Version 10.0.22631.4751]
    • Chrome (web)      • chrome           • web-javascript • Google Chrome 132.0.6834.83
    • Edge (web)        • edge             • web-javascript • Microsoft Edge 131.0.2903.146

[✓] Network resources
    • All expected network resources are available.

• No issues found!
```
